<?xml version="1.0" encoding="UTF-8"?>
<testsuite name="SortTest" tests="3" skipped="0" failures="0" errors="0" timestamp="2016-09-18T20:58:11" hostname="MBP-de-Marcel" time="0.019">
  <properties/>
  <testcase name="testSimpleHeapSort" classname="SortTest" time="0.009"/>
  <testcase name="testSimpleInsertionSort" classname="SortTest" time="0.007"/>
  <testcase name="testSimpleMergeSort" classname="SortTest" time="0.002"/>
  <system-out><![CDATA[]]></system-out>
  <system-err><![CDATA[]]></system-err>
</testsuite>
